<component name="libraryTable">
  <library name="junit5-jars">
    <CLASSES>
      <root url="jar://$PROJECT_DIR$/junit5-jars/junit-jupiter-engine-5.7.0.jar!/" />
      <root url="jar://$PROJECT_DIR$/junit5-jars/apiguardian-api-1.1.1.jar!/" />
      <root url="jar://$PROJECT_DIR$/junit5-jars/junit-platform-commons-1.7.0.jar!/" />
      <root url="jar://$PROJECT_DIR$/junit5-jars/junit-jupiter-api-5.7.0.jar!/" />
      <root url="jar://$PROJECT_DIR$/junit5-jars/junit-platform-console-standalone-1.7.0-all.jar!/" />
    </CLASSES>
    <JAVADOC />
    <SOURCES />
  </library>
</component>